<?xml version="1.0" encoding="utf-8"?><testsuites name="pytest tests"><testsuite name="pytest" errors="0" failures="0" skipped="0" tests="19" time="1.870" timestamp="2026-08-27T01:18:34.310262+00:00" hostname="agent-env-ca5b9052-354a-47c6-932d-9f6ed8512671"><testcase classname="tests.test_rebrand_and_plugin_v1_2_1.TestLandingRebrand" name="test_no_madeira_forte" time="0.001" /><testcase classname="tests.test_rebrand_and_plugin_v1_2_1.TestLandingRebrand" name="test_nav_brand_has_subtitle" time="0.000" /><testcase classname="tests.test_rebrand_and_plugin_v1_2_1.TestLandingRebrand" name="test_hero_photos_block" time="0.000" /><testcase classname="tests.test_rebrand_and_plugin_v1_2_1.TestLandingRebrand" name="test_hero_audience_prominence" time="0.000" /><testcase classname="tests.test_rebrand_and_plugin_v1_2_1.TestLandingRebrand" name="test_footer_copyright" time="0.000" /><testcase classname="tests.test_paredes_angulo_and_downloads.TestPluginStatic" name="test_rbz_download_non_empty" time="0.119" /><testcase classname="tests.test_paredes_angulo_and_downloads.TestPluginStatic" name="test_readme_pt_br_content" time="0.100" /><testcase classname="tests.test_rebrand_and_plugin_v1_2_1.TestPluginV121" name="test_plugin_version_1_2_1" time="0.148" /><testcase classname="tests.test_rebrand_and_plugin_v1_2_1.TestPluginV121" name="test_new_icons_exist_and_nontrivial" time="0.000" /><testcase classname="tests.test_rebrand_and_plugin_v1_2_1.TestPluginV121" name="test_main_rb_references_new_icons" time="0.000" /><testcase classname="tests.test_rebrand_and_plugin_v1_2_1.TestPluginV121" name="test_ruby_224_compat_all_rb" time="0.001" /><testcase classname="tests.test_rebrand_and_plugin_v1_2_1.TestHeroPhotos" name="test_arquiteta_png" time="0.118" /><testcase classname="tests.test_paredes_angulo_and_downloads.TestPluginStatic" name="test_sample_json_has_paredes_angulo" time="0.075" /><testcase classname="tests.test_rebrand_and_plugin_v1_2_1.TestHeroPhotos" name="test_marceneiro_png" time="0.103" /><testcase classname="tests.test_paredes_angulo_and_downloads.TestRbzContents" name="test_rbz_size" time="0.112" /><testcase classname="tests.test_rebrand_and_plugin_v1_2_1.TestParedesAnguloRegression" name="test_walls_paredes_angulo_mm_export" time="0.495" /><testcase classname="tests.test_paredes_angulo_and_downloads.TestRbzContents" name="test_plugin_version_bumped" time="0.072" /><testcase classname="tests.test_paredes_angulo_and_downloads.TestRbzContents" name="test_generator_no_dig_no_sum" time="0.085" /><testcase classname="tests.test_paredes_angulo_and_downloads.TestParedesAngulo" name="test_create_and_export" time="0.666" /></testsuite></testsuites>