<?xml version="1.0" encoding="utf-8"?><testsuites name="pytest tests"><testsuite name="pytest" errors="0" failures="0" skipped="0" tests="18" time="1.381" timestamp="2026-08-26T06:33:13.087025+00:00" hostname="agent-env-ca5b9052-354a-47c6-932d-9f6ed8512671"><testcase classname="tests.test_paredes_angulo_and_downloads.TestPluginStatic" name="test_rbz_download_non_empty" time="0.135" /><testcase classname="tests.test_plugin_v1_2_new_dialogs.TestPreviewMirrors" name="test_preview_available[/preview_plugin/lastro.html-Lastro de Cozinha]" time="0.130" /><testcase classname="tests.test_plugin_v1_2_new_dialogs.TestPreviewMirrors" name="test_preview_available[/preview_plugin/modulo.html-Gerar m\xf3dulo 3D no SketchUp]" time="0.082" /><testcase classname="tests.test_paredes_angulo_and_downloads.TestPluginStatic" name="test_readme_pt_br_content" time="0.083" /><testcase classname="tests.test_plugin_v1_2_new_dialogs.TestPreviewMirrors" name="test_preview_available[/preview_plugin/tmf.css---gold]" time="0.125" /><testcase classname="tests.test_paredes_angulo_and_downloads.TestPluginStatic" name="test_sample_json_has_paredes_angulo" time="0.070" /><testcase classname="tests.test_paredes_angulo_and_downloads.TestRbzContents" name="test_rbz_size" time="0.111" /><testcase classname="tests.test_plugin_v1_2_new_dialogs.TestRbzShape" name="test_all_required_entries_present" time="0.082" /><testcase classname="tests.test_plugin_v1_2_new_dialogs.TestRbzShape" name="test_plugin_version_is_1_2_0" time="0.000" /><testcase classname="tests.test_plugin_v1_2_new_dialogs.TestRuby22Compat" name="test_no_ruby23_plus_syntax" time="0.001" /><testcase classname="tests.test_plugin_v1_2_new_dialogs.TestRuby22Compat" name="test_ruby_syntax_ok" time="0.052" /><testcase classname="tests.test_plugin_v1_2_new_dialogs.TestLastroDialog" name="test_lastro_html_contents" time="0.000" /><testcase classname="tests.test_plugin_v1_2_new_dialogs.TestModuloDialog" name="test_modulo_html_has_all_ids" time="0.000" /><testcase classname="tests.test_plugin_v1_2_new_dialogs.TestMainRbMenus" name="test_menu_items_wired" time="0.000" /><testcase classname="tests.test_plugin_v1_2_new_dialogs.TestHomeCopy" name="test_home_shipped_bundle_has_v1_2_text" time="0.000" /><testcase classname="tests.test_paredes_angulo_and_downloads.TestRbzContents" name="test_plugin_version_bumped" time="0.079" /><testcase classname="tests.test_paredes_angulo_and_downloads.TestRbzContents" name="test_generator_no_dig_no_sum" time="0.071" /><testcase classname="tests.test_paredes_angulo_and_downloads.TestParedesAngulo" name="test_create_and_export" time="0.585" /></testsuite></testsuites>