<?xml version="1.0" encoding="utf-8"?><testsuites name="pytest tests"><testsuite name="pytest" errors="0" failures="0" skipped="0" tests="4" time="1.546" timestamp="2026-08-27T12:34:42.149390+00:00" hostname="agent-env-ca5b9052-354a-47c6-932d-9f6ed8512671"><testcase classname="tests.test_pdf_endpoints" name="test_wall_pdf_returns_pdf" time="0.823" /><testcase classname="tests.test_pdf_endpoints" name="test_wall_pdf_requires_auth" time="0.112" /><testcase classname="tests.test_pdf_endpoints" name="test_project_pdf_returns_pdf" time="0.160" /><testcase classname="tests.test_pdf_endpoints" name="test_project_pdf_requires_auth" time="0.124" /></testsuite></testsuites>