<?xml version="1.0" encoding="utf-8"?><testsuites name="pytest tests"><testsuite name="pytest" errors="0" failures="1" skipped="0" tests="19" time="2.126" timestamp="2026-08-28T14:59:41.746732+00:00" hostname="agent-env-ca5b9052-354a-47c6-932d-9f6ed8512671"><testcase classname="tests.test_iter18_estimate_and_references.TestEstimateCalc" name="test_leo_balcao_expected_prices" time="0.749" /><testcase classname="tests.test_iter18_estimate_and_references.TestClientReferences" name="test_no_auth_401" time="0.832" /><testcase classname="tests.test_iter18_estimate_and_references.TestEstimateCalc" name="test_no_auth_401" time="0.137" /><testcase classname="tests.test_iter18_estimate_and_references.TestClientReferences" name="test_create_url_reference" time="0.118" /><testcase classname="tests.test_iter18_estimate_and_references.TestEstimateCalc" name="test_painel_ripado_without_altura_400" time="0.035" /><testcase classname="tests.test_iter18_estimate_and_references.TestEstimateCalc" name="test_prateleira_without_profundidade_400" time="0.033" /><testcase classname="tests.test_iter18_estimate_and_references.TestClientReferences" name="test_list_order_newest_first" time="0.160" /><testcase classname="tests.test_iter18_estimate_and_references.TestEstimateCalc" name="test_mesa_without_altura_400" time="0.032" /><testcase classname="tests.test_iter18_estimate_and_references.TestEstimateCalc" name="test_balcao_without_altura_400" time="0.106" /><testcase classname="tests.test_iter18_estimate_and_references.TestEstimateCalc" name="test_armario_without_profundidade_400" time="0.075" /><testcase classname="tests.test_iter18_estimate_and_references.TestClientReferences" name="test_delete_reference" time="0.151" /><testcase classname="tests.test_iter18_estimate_and_references.TestEstimateCalc" name="test_largura_out_of_range_422" time="0.143" /><testcase classname="tests.test_iter18_estimate_and_references.TestClientReferences" name="test_invalid_kind_400" time="0.033" /><testcase classname="tests.test_iter18_estimate_and_references.TestClientReferences" name="test_image_too_large_400" time="0.233" /><testcase classname="tests.test_iter18_estimate_and_references.TestEstimateCatalog" name="test_catalog_no_auth_401" time="0.093"><failure message="assert 200 == 401&#10; +  where 200 = &lt;Response [200]&gt;.status_code">tests/test_iter18_estimate_and_references.py:34: in test_catalog_no_auth_401
    assert r.status_code == 401
E   assert 200 == 401
E    +  where 200 = &lt;Response [200]&gt;.status_code</failure></testcase><testcase classname="tests.test_iter18_estimate_and_references.TestEstimateCatalog" name="test_catalog_returns_6_modules_3_tiers" time="0.033" /><testcase classname="tests.test_iter18_estimate_and_references.TestClientReferences" name="test_other_users_project_404" time="0.076" /><testcase classname="tests.test_iter18_estimate_and_references.TestRegression" name="test_limits_endpoint" time="0.038" /><testcase classname="tests.test_iter18_estimate_and_references.TestRegression" name="test_root" time="0.142" /></testsuite></testsuites>