<?xml version="1.0" encoding="utf-8"?><testsuites name="pytest tests"><testsuite name="pytest" errors="0" failures="0" skipped="0" tests="13" time="3.224" timestamp="2026-08-27T19:12:30.746647+00:00" hostname="agent-env-ca5b9052-354a-47c6-932d-9f6ed8512671"><testcase classname="tests.test_iter17_rebrand_and_mic.TestRebrandRoot" name="test_api_root_app_name" time="0.454" /><testcase classname="tests.test_iter17_rebrand_and_mic.TestRebrandRoot" name="test_manifest_json_rebranded" time="0.134" /><testcase classname="tests.test_iter17_rebrand_and_mic.TestRebrandRoot" name="test_index_html_title" time="0.084" /><testcase classname="tests.test_iter17_rebrand_and_mic.TestRebrandRoot" name="test_logo_svg_available" time="0.142" /><testcase classname="tests.test_iter17_rebrand_and_mic.TestFreemiumLimit" name="test_admin_limits_no_walls_limit" time="0.772" /><testcase classname="tests.test_iter17_rebrand_and_mic.TestFreemiumLimit" name="test_free_user_walls_limit_is_10" time="0.383" /><testcase classname="tests.test_iter17_rebrand_and_mic.TestRebrandRoot" name="test_new_rbz_download" time="0.101" /><testcase classname="tests.test_iter17_rebrand_and_mic.TestRebrandRoot" name="test_old_rbz_still_available_retrocompat" time="0.164" /><testcase classname="tests.test_iter17_rebrand_and_mic.TestRebrandRoot" name="test_readme_plugin_rebranded" time="0.101" /><testcase classname="tests.test_iter17_rebrand_and_mic.TestFreemiumLimit" name="test_free_user_402_on_11th_wall" time="1.179" /><testcase classname="tests.test_iter17_rebrand_and_mic.TestParseNumberEndpoint" name="test_requires_auth" time="0.123" /><testcase classname="tests.test_iter17_rebrand_and_mic.TestParseNumberEndpoint" name="test_missing_audio_422" time="0.065" /><testcase classname="tests.test_iter17_rebrand_and_mic.TestParseNumberEndpoint" name="test_too_large_audio_400" time="0.340" /></testsuite></testsuites>