<?xml version="1.0" encoding="utf-8"?><testsuites name="pytest tests"><testsuite name="pytest" errors="0" failures="0" skipped="0" tests="4" time="1.174" timestamp="2026-08-26T05:08:50.037914+00:00" hostname="agent-env-ca5b9052-354a-47c6-932d-9f6ed8512671"><testcase classname="tests.test_paredes_angulo_and_downloads.TestPluginStatic" name="test_rbz_download_non_empty" time="0.276" /><testcase classname="tests.test_paredes_angulo_and_downloads.TestPluginStatic" name="test_readme_pt_br_content" time="0.128" /><testcase classname="tests.test_paredes_angulo_and_downloads.TestPluginStatic" name="test_sample_json_has_paredes_angulo" time="0.079" /><testcase classname="tests.test_paredes_angulo_and_downloads.TestParedesAngulo" name="test_create_and_export" time="0.795" /></testsuite></testsuites>