<?xml version="1.0" encoding="utf-8"?><testsuites name="pytest tests"><testsuite name="pytest" errors="0" failures="0" skipped="0" tests="14" time="0.279" timestamp="2026-08-27T02:26:25.714847+00:00" hostname="agent-env-ca5b9052-354a-47c6-932d-9f6ed8512671"><testcase classname="tests.test_rbz_su2026_compliance" name="test_rbz_exists" time="0.000" /><testcase classname="tests.test_rbz_v1_2_2_icons" name="test_plugin_version_is_1_2_2" time="0.001" /><testcase classname="tests.test_rbz_su2026_compliance" name="test_only_one_top_level_rb_and_it_is_entry_point" time="0.001" /><testcase classname="tests.test_rbz_su2026_compliance" name="test_entry_point_registers_extension" time="0.000" /><testcase classname="tests.test_rbz_su2026_compliance" name="test_submodules_nested_under_subfolder" time="0.000" /><testcase classname="tests.test_rbz_su2026_compliance" name="test_no_stray_rb_files_at_root" time="0.000" /><testcase classname="tests.test_rbz_su2026_compliance" name="test_main_rb_requires_each_submodule" time="0.001" /><testcase classname="tests.test_rbz_su2026_compliance" name="test_ruby_22_backward_compatibility" time="0.001" /><testcase classname="tests.test_rbz_v1_2_2_icons" name="test_all_10_png_icons_present_and_nontrivial" time="0.000" /><testcase classname="tests.test_rbz_v1_2_2_icons" name="test_pngs_have_valid_png_signature" time="0.001" /><testcase classname="tests.test_rbz_v1_2_2_icons" name="test_main_rb_toolbar_uses_file_dirname_not_plugin_root" time="0.001" /><testcase classname="tests.test_rbz_v1_2_2_icons" name="test_each_command_uses_distinct_icon_pair" time="0.001" /><testcase classname="tests.test_rbz_v1_2_2_icons" name="test_all_four_commands_set_both_icons" time="0.001" /><testcase classname="tests.test_rbz_v1_2_2_icons" name="test_rbz_size_reasonable" time="0.000" /></testsuite></testsuites>