<?xml version="1.0" encoding="utf-8"?><testsuites name="pytest tests"><testsuite name="pytest" errors="0" failures="1" skipped="0" tests="14" time="5.889" timestamp="2026-08-26T01:32:31.946800+00:00" hostname="agent-env-ca5b9052-354a-47c6-932d-9f6ed8512671"><testcase classname="tests.backend_test.TestAuth" name="test_register_and_me" time="0.362" /><testcase classname="tests.backend_test.TestAuth" name="test_register_duplicate_email" time="0.367" /><testcase classname="tests.backend_test.TestAuth" name="test_login_wrong_password" time="0.286" /><testcase classname="tests.backend_test.TestAuth" name="test_login_admin_and_pro" time="0.323" /><testcase classname="tests.backend_test.TestAuth" name="test_me_without_auth" time="0.070" /><testcase classname="tests.backend_test.TestAuth" name="test_logout_clears_cookie" time="0.510" /><testcase classname="tests.backend_test.TestFreemium" name="test_free_user_can_create_3_walls_then_402" time="0.560" /><testcase classname="tests.backend_test.TestFreemium" name="test_admin_has_no_limit" time="0.468" /><testcase classname="tests.backend_test.TestFreemium" name="test_limits_endpoint_free" time="0.352" /><testcase classname="tests.backend_test.TestFreemium" name="test_limits_endpoint_admin" time="0.367" /><testcase classname="tests.backend_test.TestIsolation" name="test_user_walls_isolation" time="0.060"><failure message="AssertionError: {&quot;detail&quot;:[{&quot;type&quot;:&quot;string_too_short&quot;,&quot;loc&quot;:[&quot;body&quot;,&quot;name&quot;],&quot;msg&quot;:&quot;String should have at least 2 characters&quot;,&quot;input&quot;:&quot;A&quot;,&quot;ctx&quot;:{&quot;min_length&quot;:2},&quot;url&quot;:&quot;https://errors.pydantic.dev/2.13/v/string_too_short&quot;}]}&#10;assert 422 == 200&#10; +  where 422 = &lt;Response [422]&gt;.status_code">backend/tests/backend_test.py:146: in test_user_walls_isolation
    assert rregA.status_code == 200, rregA.text
E   AssertionError: {"detail":[{"type":"string_too_short","loc":["body","name"],"msg":"String should have at least 2 characters","input":"A","ctx":{"min_length":2},"url":"https://errors.pydantic.dev/2.13/v/string_too_short"}]}
E   assert 422 == 200
E    +  where 422 = &lt;Response [422]&gt;.status_code</failure></testcase><testcase classname="tests.backend_test.TestPayments" name="test_plans_public" time="0.622" /><testcase classname="tests.backend_test.TestPayments" name="test_checkout_creates_transaction" time="1.383" /><testcase classname="tests.backend_test.TestPayments" name="test_checkout_requires_auth" time="0.064" /></testsuite></testsuites>