<?xml version="1.0" encoding="utf-8"?><testsuites name="pytest tests"><testsuite name="pytest" errors="0" failures="0" skipped="0" tests="15" time="9.687" timestamp="2026-08-26T02:07:15.512561+00:00" hostname="agent-env-ca5b9052-354a-47c6-932d-9f6ed8512671"><testcase classname="tests.test_projects_and_pdf.TestProjectsCRUD" name="test_requires_auth" time="0.458" /><testcase classname="tests.test_projects_and_pdf.TestProjectsCRUD" name="test_create_get_update_delete" time="0.588" /><testcase classname="tests.test_projects_and_pdf.TestProjectsCRUD" name="test_isolation_per_user" time="0.897" /><testcase classname="tests.test_projects_and_pdf.TestAttachDetach" name="test_attach_detach_flow" time="1.151" /><testcase classname="tests.test_projects_and_pdf.TestAttachDetach" name="test_attach_foreign_wall_returns_404" time="0.729" /><testcase classname="tests.test_projects_and_pdf.TestAttachDetach" name="test_attach_foreign_project_returns_404" time="0.823" /><testcase classname="tests.test_projects_and_pdf.TestAttachDetach" name="test_delete_project_detaches_walls" time="0.484" /><testcase classname="tests.test_projects_and_pdf.TestWallCreateWithProject" name="test_wall_saves_project_id" time="0.525" /><testcase classname="tests.test_projects_and_pdf.TestWallPDF" name="test_wall_pdf_ok" time="0.457" /><testcase classname="tests.test_projects_and_pdf.TestWallPDF" name="test_wall_pdf_requires_auth" time="0.536" /><testcase classname="tests.test_projects_and_pdf.TestWallPDF" name="test_wall_pdf_404_for_other_user" time="0.706" /><testcase classname="tests.test_projects_and_pdf.TestProjectPDF" name="test_project_pdf_ok_with_walls" time="0.577" /><testcase classname="tests.test_projects_and_pdf.TestProjectPDF" name="test_project_pdf_ok_no_walls" time="0.380" /><testcase classname="tests.test_projects_and_pdf.TestProjectPDF" name="test_project_pdf_404_for_other_user" time="0.790" /><testcase classname="tests.test_projects_and_pdf.TestProjectPDF" name="test_project_pdf_requires_auth" time="0.496" /></testsuite></testsuites>