<?xml version="1.0" encoding="utf-8"?><testsuites name="pytest tests"><testsuite name="pytest" errors="0" failures="0" skipped="0" tests="7" time="0.283" timestamp="2026-08-27T02:13:11.391814+00:00" hostname="agent-env-ca5b9052-354a-47c6-932d-9f6ed8512671"><testcase classname="tests.test_rbz_su2026_compliance" name="test_rbz_exists" time="0.000" /><testcase classname="tests.test_rbz_su2026_compliance" name="test_only_one_top_level_rb_and_it_is_entry_point" time="0.001" /><testcase classname="tests.test_rbz_su2026_compliance" name="test_entry_point_registers_extension" time="0.000" /><testcase classname="tests.test_rbz_su2026_compliance" name="test_submodules_nested_under_subfolder" time="0.000" /><testcase classname="tests.test_rbz_su2026_compliance" name="test_no_stray_rb_files_at_root" time="0.000" /><testcase classname="tests.test_rbz_su2026_compliance" name="test_main_rb_requires_each_submodule" time="0.001" /><testcase classname="tests.test_rbz_su2026_compliance" name="test_ruby_22_backward_compatibility" time="0.001" /></testsuite></testsuites>