<?xml version="1.0" encoding="utf-8"?><testsuites name="pytest tests"><testsuite name="pytest" errors="0" failures="0" skipped="0" tests="8" time="8.643" timestamp="2026-08-26T02:28:05.107191+00:00" hostname="agent-env-ca5b9052-354a-47c6-932d-9f6ed8512671"><testcase classname="tests.test_voice.TestVoiceParse" name="test_parse_portuguese_wall_description" time="4.252" /><testcase classname="tests.test_voice.TestRegression" name="test_walls_list" time="0.796" /><testcase classname="tests.test_voice.TestRegression" name="test_projects_list" time="0.071" /><testcase classname="tests.test_voice.TestRegression" name="test_payments_plans" time="0.623" /><testcase classname="tests.test_voice.TestRegression" name="test_auth_me" time="0.070" /><testcase classname="tests.test_voice.TestRegression" name="test_wall_crud_and_pdf" time="0.249" /><testcase classname="tests.test_voice.TestVoiceParse" name="test_no_hallucinated_fields" time="3.900" /><testcase classname="tests.test_voice.TestVoiceAuth" name="test_requires_auth" time="0.184" /></testsuite></testsuites>